<?xml version="1.0" encoding="UTF-8"?>
<testsuite name="memory.MemoryFinderTest" tests="1" skipped="0" failures="0" errors="0" timestamp="2023-08-21T14:10:32" hostname="HOCHUL-PC" time="0.119">
  <properties/>
  <testcase name="get()" classname="memory.MemoryFinderTest" time="0.119"/>
  <system-out><![CDATA[]]></system-out>
  <system-err><![CDATA[]]></system-err>
</testsuite>
